tests/smoke/prepare.ts(7,7): error TS2451: Cannot redeclare block-scoped variable 'path'.
tests/smoke/prepare.ts(11,7): error TS2451: Cannot redeclare block-scoped variable 'requestedReactVersion'.
tests/smoke/prepare.ts(36,28): error TS7006: Parameter 'reactVersion' implicitly has an 'any' type.
tests/smoke/run.ts(5,7): error TS2451: Cannot redeclare block-scoped variable 'path'.
tests/smoke/run.ts(13,7): error TS2451: Cannot redeclare block-scoped variable 'requestedReactVersion'.
tests/smoke/smoke.ts(6,40): error TS7006: Parameter 'buildType' implicitly has an 'any' type.
